# JRE version: Java(TM) SE Runtime Environment (8.0_202-b08) (build 1.8.0_202-b08)
# Java VM: Java HotSpot(TM) 64-Bit Server VM (25.202-b08 mixed mode windows-amd64 compressed oops)
Heap:
 PSYoungGen      total 626688K, used 115491K [0x00000000d5580000, 0x0000000100000000, 0x0000000100000000)
  eden space 606720K, 15% used [0x00000000d5580000,0x00000000db2c9c08,0x00000000fa600000)
  from space 19968K, 99% used [0x00000000fec80000,0x00000000fffff1c0,0x0000000100000000)
  to   space 46080K, 0% used [0x00000000fa600000,0x00000000fa600000,0x00000000fd300000)
 ParOldGen       total 145408K, used 108476K [0x0000000080000000, 0x0000000088e00000, 0x00000000d5580000)
  object space 145408K, 74% used [0x0000000080000000,0x00000000869ef220,0x0000000088e00000)
 Metaspace       used 87344K, capacity 90539K, committed 90880K, reserved 1128448K
  class space    used 10975K, capacity 11667K, committed 11776K, reserved 1048576K
GC Heap History (10 events):
Event: 134.329 GC heap before
{Heap before GC invocations=37 (full 2):
 PSYoungGen      total 677376K, used 666804K [0x00000000d5580000, 0x00000000ffe80000, 0x0000000100000000)
  eden space 659456K, 100% used [0x00000000d5580000,0x00000000fd980000,0x00000000fd980000)
  from space 17920K, 41% used [0x00000000fed00000,0x00000000ff42d030,0x00000000ffe80000)
  to   space 18944K, 0% used [0x00000000fd980000,0x00000000fd980000,0x00000000fec00000)
 ParOldGen       total 84992K, used 73121K [0x0000000080000000, 0x0000000085300000, 0x00000000d5580000)
  object space 84992K, 86% used [0x0000000080000000,0x00000000847687f8,0x0000000085300000)
 Metaspace       used 46531K, capacity 49148K, committed 49408K, reserved 1091584K
  class space    used 6269K, capacity 6820K, committed 6912K, reserved 1048576K
Event: 134.335 GC heap after
Heap after GC invocations=37 (full 2):
 PSYoungGen      total 678400K, used 10188K [0x00000000d5580000, 0x0000000100000000, 0x0000000100000000)
  eden space 659456K, 0% used [0x00000000d5580000,0x00000000d5580000,0x00000000fd980000)
  from space 18944K, 53% used [0x00000000fd980000,0x00000000fe373058,0x00000000fec00000)
  to   space 18432K, 0% used [0x00000000fee00000,0x00000000fee00000,0x0000000100000000)
 ParOldGen       total 84992K, used 73121K [0x0000000080000000, 0x0000000085300000, 0x00000000d5580000)
  object space 84992K, 86% used [0x0000000080000000,0x00000000847687f8,0x0000000085300000)
 Metaspace       used 46531K, capacity 49148K, committed 49408K, reserved 1091584K
  class space    used 6269K, capacity 6820K, committed 6912K, reserved 1048576K
}
Event: 135.205 GC heap before
{Heap before GC invocations=38 (full 2):
 PSYoungGen      total 678400K, used 669644K [0x00000000d5580000, 0x0000000100000000, 0x0000000100000000)
  eden space 659456K, 100% used [0x00000000d5580000,0x00000000fd980000,0x00000000fd980000)
  from space 18944K, 53% used [0x00000000fd980000,0x00000000fe373058,0x00000000fec00000)
  to   space 18432K, 0% used [0x00000000fee00000,0x00000000fee00000,0x0000000100000000)
 ParOldGen       total 84992K, used 73121K [0x0000000080000000, 0x0000000085300000, 0x00000000d5580000)
  object space 84992K, 86% used [0x0000000080000000,0x00000000847687f8,0x0000000085300000)
 Metaspace       used 46531K, capacity 49148K, committed 49408K, reserved 1091584K
  class space    used 6269K, capacity 6820K, committed 6912K, reserved 1048576K
Event: 135.220 GC heap after
Heap after GC invocations=38 (full 2):
 PSYoungGen      total 677376K, used 8687K [0x00000000d5580000, 0x00000000ffd80000, 0x0000000100000000)
  eden space 661504K, 0% used [0x00000000d5580000,0x00000000d5580000,0x00000000fdb80000)
  from space 15872K, 54% used [0x00000000fee00000,0x00000000ff67bdc0,0x00000000ffd80000)
  to   space 17408K, 0% used [0x00000000fdb80000,0x00000000fdb80000,0x00000000fec80000)
 ParOldGen       total 84992K, used 73121K [0x0000000080000000, 0x0000000085300000, 0x00000000d5580000)
  object space 84992K, 86% used [0x0000000080000000,0x00000000847687f8,0x0000000085300000)
 Metaspace       used 46531K, capacity 49148K, committed 49408K, reserved 1091584K
  class space    used 6269K, capacity 6820K, committed 6912K, reserved 1048576K
}
Event: 138.097 GC heap before
{Heap before GC invocations=39 (full 2):
 PSYoungGen      total 677376K, used 618422K [0x00000000d5580000, 0x00000000ffd80000, 0x0000000100000000)
  eden space 661504K, 92% used [0x00000000d5580000,0x00000000fa8f1d18,0x00000000fdb80000)
  from space 15872K, 54% used [0x00000000fee00000,0x00000000ff67bdc0,0x00000000ffd80000)
  to   space 17408K, 0% used [0x00000000fdb80000,0x00000000fdb80000,0x00000000fec80000)
 ParOldGen       total 84992K, used 73121K [0x0000000080000000, 0x0000000085300000, 0x00000000d5580000)
  object space 84992K, 86% used [0x0000000080000000,0x00000000847687f8,0x0000000085300000)
 Metaspace       used 56326K, capacity 59134K, committed 59160K, reserved 1099776K
  class space    used 7669K, capacity 8295K, committed 8320K, reserved 1048576K
Event: 138.159 GC heap after
Heap after GC invocations=39 (full 2):
 PSYoungGen      total 678912K, used 17399K [0x00000000d5580000, 0x0000000100000000, 0x0000000100000000)
  eden space 661504K, 0% used [0x00000000d5580000,0x00000000d5580000,0x00000000fdb80000)
  from space 17408K, 99% used [0x00000000fdb80000,0x00000000fec7dd70,0x00000000fec80000)
  to   space 19968K, 0% used [0x00000000fec80000,0x00000000fec80000,0x0000000100000000)
 ParOldGen       total 84992K, used 82735K [0x0000000080000000, 0x0000000085300000, 0x00000000d5580000)
  object space 84992K, 97% used [0x0000000080000000,0x00000000850cbde0,0x0000000085300000)
 Metaspace       used 56326K, capacity 59134K, committed 59160K, reserved 1099776K
  class space    used 7669K, capacity 8295K, committed 8320K, reserved 1048576K
}
Event: 138.160 GC heap before
{Heap before GC invocations=40 (full 3):
 PSYoungGen      total 678912K, used 17399K [0x00000000d5580000, 0x0000000100000000, 0x0000000100000000)
  eden space 661504K, 0% used [0x00000000d5580000,0x00000000d5580000,0x00000000fdb80000)
  from space 17408K, 99% used [0x00000000fdb80000,0x00000000fec7dd70,0x00000000fec80000)
  to   space 19968K, 0% used [0x00000000fec80000,0x00000000fec80000,0x0000000100000000)
 ParOldGen       total 84992K, used 82735K [0x0000000080000000, 0x0000000085300000, 0x00000000d5580000)
  object space 84992K, 97% used [0x0000000080000000,0x00000000850cbde0,0x0000000085300000)
 Metaspace       used 56326K, capacity 59134K, committed 59160K, reserved 1099776K
  class space    used 7669K, capacity 8295K, committed 8320K, reserved 1048576K
Event: 139.133 GC heap after
Heap after GC invocations=40 (full 3):
 PSYoungGen      total 678912K, used 0K [0x00000000d5580000, 0x0000000100000000, 0x0000000100000000)
  eden space 661504K, 0% used [0x00000000d5580000,0x00000000d5580000,0x00000000fdb80000)
  from space 17408K, 0% used [0x00000000fdb80000,0x00000000fdb80000,0x00000000fec80000)
  to   space 19968K, 0% used [0x00000000fec80000,0x00000000fec80000,0x0000000100000000)
 ParOldGen       total 145408K, used 53972K [0x0000000080000000, 0x0000000088e00000, 0x00000000d5580000)
  object space 145408K, 37% used [0x0000000080000000,0x00000000834b52a8,0x0000000088e00000)
 Metaspace       used 56038K, capacity 58760K, committed 59160K, reserved 1099776K
  class space    used 7605K, capacity 8209K, committed 8320K, reserved 1048576K
}
Event: 152.018 GC heap before
{Heap before GC invocations=41 (full 3):
 PSYoungGen      total 678912K, used 661504K [0x00000000d5580000, 0x0000000100000000, 0x0000000100000000)
  eden space 661504K, 100% used [0x00000000d5580000,0x00000000fdb80000,0x00000000fdb80000)
  from space 17408K, 0% used [0x00000000fdb80000,0x00000000fdb80000,0x00000000fec80000)
  to   space 19968K, 0% used [0x00000000fec80000,0x00000000fec80000,0x0000000100000000)
 ParOldGen       total 145408K, used 53972K [0x0000000080000000, 0x0000000088e00000, 0x00000000d5580000)
  object space 145408K, 37% used [0x0000000080000000,0x00000000834b52a8,0x0000000088e00000)
 Metaspace       used 84576K, capacity 87737K, committed 88192K, reserved 1126400K
  class space    used 10804K, capacity 11500K, committed 11648K, reserved 1048576K
Event: 152.849 GC heap after
Heap after GC invocations=41 (full 3):
 PSYoungGen      total 626688K, used 19964K [0x00000000d5580000, 0x0000000100000000, 0x0000000100000000)
  eden space 606720K, 0% used [0x00000000d5580000,0x00000000d5580000,0x00000000fa600000)
  from space 19968K, 99% used [0x00000000fec80000,0x00000000fffff1c0,0x0000000100000000)
  to   space 46080K, 0% used [0x00000000fa600000,0x00000000fa600000,0x00000000fd300000)
 ParOldGen       total 145408K, used 108476K [0x0000000080000000, 0x0000000088e00000, 0x00000000d5580000)
  object space 145408K, 74% used [0x0000000080000000,0x00000000869ef220,0x0000000088e00000)
 Metaspace       used 84576K, capacity 87737K, committed 88192K, reserved 1126400K
  class space    used 10804K, capacity 11500K, committed 11648K, reserved 1048576K
}

